2023-11-11 19:09:56.404  INFO 33772 --- [main] c.r.SpringBootRestApiStarterApplication  : Starting SpringBootRestApiStarterApplication using Java 18.0.2.1 on Ashiths-MacBook-Air.local with PID 33772 (/Users/ashithvl/Downloads/Spring-Boot-Rest-API-Starter/target/classes started by ashithvl in /Users/ashithvl/Downloads/Spring-Boot-Rest-API-Starter)
2023-11-11 19:09:56.406  INFO 33772 --- [main] c.r.SpringBootRestApiStarterApplication  : No active profile set, falling back to 1 default profile: "default"
2023-11-11 19:09:56.770  INFO 33772 --- [main] .s.d.r.c.RepositoryConfigurationDelegate : Bootstrapping Spring Data JPA repositories in DEFAULT mode.
2023-11-11 19:09:56.792  INFO 33772 --- [main] .s.d.r.c.RepositoryConfigurationDelegate : Finished Spring Data repository scanning in 18 ms. Found 2 JPA repository interfaces.
2023-11-11 19:09:57.097  INFO 33772 --- [main] o.s.b.w.embedded.tomcat.TomcatWebServer  : Tomcat initialized with port(s): 8080 (http)
2023-11-11 19:09:57.101  INFO 33772 --- [main] o.apache.catalina.core.StandardService   : Starting service [Tomcat]
2023-11-11 19:09:57.101  INFO 33772 --- [main] org.apache.catalina.core.StandardEngine  : Starting Servlet engine: [Apache Tomcat/9.0.82]
2023-11-11 19:09:57.142  INFO 33772 --- [main] o.a.c.c.C.[Tomcat].[localhost].[/]       : Initializing Spring embedded WebApplicationContext
2023-11-11 19:09:57.142  INFO 33772 --- [main] w.s.c.ServletWebServerApplicationContext : Root WebApplicationContext: initialization completed in 714 ms
2023-11-11 19:09:57.159  INFO 33772 --- [main] com.zaxxer.hikari.HikariDataSource       : HikariPool-1 - Starting...
2023-11-11 19:09:57.245  INFO 33772 --- [main] com.zaxxer.hikari.HikariDataSource       : HikariPool-1 - Start completed.
2023-11-11 19:09:57.254  INFO 33772 --- [main] o.s.b.a.h2.H2ConsoleAutoConfiguration    : H2 console available at '/h2-console'. Database available at 'jdbc:h2:mem:eae782f9-9425-4fbe-89c1-fadfb33b0108'
2023-11-11 19:09:57.318  INFO 33772 --- [main] o.hibernate.jpa.internal.util.LogHelper  : HHH000204: Processing PersistenceUnitInfo [name: default]
2023-11-11 19:09:57.344  INFO 33772 --- [main] org.hibernate.Version                    : HHH000412: Hibernate ORM core version 5.6.15.Final
2023-11-11 19:09:57.414  INFO 33772 --- [main] o.hibernate.annotations.common.Version   : HCANN000001: Hibernate Commons Annotations {5.1.2.Final}
2023-11-11 19:09:57.460  INFO 33772 --- [main] org.hibernate.dialect.Dialect            : HHH000400: Using dialect: org.hibernate.dialect.H2Dialect
2023-11-11 19:09:57.739  INFO 33772 --- [main] o.h.e.t.j.p.i.JtaPlatformInitiator       : HHH000490: Using JtaPlatform implementation: [org.hibernate.engine.transaction.jta.platform.internal.NoJtaPlatform]
2023-11-11 19:09:57.742  INFO 33772 --- [main] j.LocalContainerEntityManagerFactoryBean : Initialized JPA EntityManagerFactory for persistence unit 'default'
2023-11-11 19:09:57.758  WARN 33772 --- [main] JpaBaseConfiguration$JpaWebConfiguration : spring.jpa.open-in-view is enabled by default. Therefore, database queries may be performed during view rendering. Explicitly configure spring.jpa.open-in-view to disable this warning
2023-11-11 19:09:58.194  INFO 33772 --- [main] o.s.s.web.DefaultSecurityFilterChain     : Will secure any request with [org.springframework.security.web.session.DisableEncodeUrlFilter@175745fc, org.springframework.security.web.context.request.async.WebAsyncManagerIntegrationFilter@2c1a0f82, org.springframework.security.web.context.SecurityContextPersistenceFilter@6ce24203, org.springframework.security.web.header.HeaderWriterFilter@46067a74, org.springframework.security.web.authentication.logout.LogoutFilter@377d55, org.springframework.security.web.authentication.www.BasicAuthenticationFilter@487ee2a, org.springframework.security.web.savedrequest.RequestCacheAwareFilter@29811d4d, org.springframework.security.web.servletapi.SecurityContextHolderAwareRequestFilter@28f081ad, org.springframework.security.web.authentication.AnonymousAuthenticationFilter@60e5db1d, org.springframework.security.web.session.SessionManagementFilter@64a8851a, org.springframework.security.web.access.ExceptionTranslationFilter@155767a7, org.springframework.security.web.access.intercept.FilterSecurityInterceptor@7f65639e]
2023-11-11 19:09:58.283  INFO 33772 --- [main] o.s.b.w.embedded.tomcat.TomcatWebServer  : Tomcat started on port(s): 8080 (http) with context path ''
2023-11-11 19:09:58.630  INFO 33772 --- [main] c.r.SpringBootRestApiStarterApplication  : Started SpringBootRestApiStarterApplication in 7.454 seconds (JVM running for 7.694)
2023-11-11 19:10:06.263  INFO 33772 --- [http-nio-8080-exec-1] o.a.c.c.C.[Tomcat].[localhost].[/]       : Initializing Spring DispatcherServlet 'dispatcherServlet'
2023-11-11 19:10:06.264  INFO 33772 --- [http-nio-8080-exec-1] o.s.web.servlet.DispatcherServlet        : Initializing Servlet 'dispatcherServlet'
2023-11-11 19:10:06.264  INFO 33772 --- [http-nio-8080-exec-1] o.s.web.servlet.DispatcherServlet        : Completed initialization in 0 ms
2023-11-11 19:10:29.242  INFO 33772 --- [SpringApplicationShutdownHook] j.LocalContainerEntityManagerFactoryBean : Closing JPA EntityManagerFactory for persistence unit 'default'
2023-11-11 19:10:29.243  INFO 33772 --- [SpringApplicationShutdownHook] com.zaxxer.hikari.HikariDataSource       : HikariPool-1 - Shutdown initiated...
2023-11-11 19:10:29.245  INFO 33772 --- [SpringApplicationShutdownHook] com.zaxxer.hikari.HikariDataSource       : HikariPool-1 - Shutdown completed.
